<?xml version="1.0" encoding="UTF-8"?>
<!-- Generated by org.testng.reporters.JUnitReportReporter -->
<testsuite hostname="IN-J7W0BK3" failures="0" tests="5" name="Runner.Runner_TestNG" time="57.309" errors="0" timestamp="29 Jul 2022 12:24:42 GMT" skipped="0">
  <testcase classname="Runner.Runner_TestNG" name="feature" time="12.661"/>
  <testcase classname="Runner.Runner_TestNG" name="feature" time="12.046"/>
  <testcase classname="Runner.Runner_TestNG" name="feature" time="7.837"/>
  <testcase classname="Runner.Runner_TestNG" name="feature" time="14.832"/>
  <testcase classname="Runner.Runner_TestNG" name="feature" time="9.933"/>
</testsuite> <!-- Runner.Runner_TestNG -->
